2013-04-16 11:21:46 root     INFO     old_chapter: 收拾的就是公主
2013-04-16 11:21:46 root     INFO     parser_content: 第二卷 天才崛起 第五十四章 收拾的就是公主
2013-04-16 11:21:46 root     INFO     parser_content: [黑土原话]先小爆发几天，积攒一下实力。
2013-04-16 11:21:46 root     INFO     gap_time: 600s

2013-04-16 11:31:48 root     INFO     old_chapter: 收拾的就是公主
2013-04-16 11:31:48 root     INFO     parser_content: 第二卷 天才崛起 第五十四章 收拾的就是公主
2013-04-16 11:31:48 root     INFO     parser_content: [黑土原话]先小爆发几天，积攒一下实力。
2013-04-16 11:31:48 root     INFO     gap_time: 600s

2013-04-16 11:41:49 root     INFO     old_chapter: 收拾的就是公主
2013-04-16 11:41:49 root     INFO     parser_content: 第二卷 天才崛起 第五十四章 收拾的就是公主
2013-04-16 11:41:49 root     INFO     parser_content: [黑土原话]先小爆发几天，积攒一下实力。
2013-04-16 11:41:49 root     INFO     gap_time: 600s

2013-04-16 11:51:51 root     INFO     old_chapter: 收拾的就是公主
2013-04-16 11:51:51 root     INFO     parser_content: 第二卷 天才崛起 第五十四章 收拾的就是公主
2013-04-16 11:51:51 root     INFO     parser_content: [黑土原话]先小爆发几天，积攒一下实力。
2013-04-16 11:51:51 root     INFO     gap_time: 600s

2013-04-16 12:01:53 root     INFO     old_chapter: 收拾的就是公主
2013-04-16 12:01:53 root     INFO     parser_content: 第二卷 天才崛起 第五十四章 收拾的就是公主
2013-04-16 12:01:53 root     INFO     parser_content: [黑土原话]先小爆发几天，积攒一下实力。
2013-04-16 12:01:53 root     INFO     gap_time: 600s

2013-04-16 12:11:55 root     INFO     old_chapter: 收拾的就是公主
2013-04-16 12:11:55 root     INFO     parser_content: 第二卷 天才崛起 第五十四章 收拾的就是公主
2013-04-16 12:11:55 root     INFO     parser_content: [黑土原话]先小爆发几天，积攒一下实力。
2013-04-16 12:11:55 root     INFO     gap_time: 600s

2013-04-16 12:21:58 root     INFO     old_chapter: 收拾的就是公主
2013-04-16 12:21:58 root     INFO     parser_content: 第二卷 天才崛起 第五十四章 收拾的就是公主
2013-04-16 12:21:58 root     INFO     parser_content: [黑土原话]先小爆发几天，积攒一下实力。
2013-04-16 12:21:58 root     INFO     gap_time: 600s

2013-04-16 12:31:59 root     INFO     old_chapter: 收拾的就是公主
2013-04-16 12:31:59 root     INFO     parser_content: 第二卷 天才崛起 第五十四章 收拾的就是公主
2013-04-16 12:31:59 root     INFO     parser_content: [黑土原话]先小爆发几天，积攒一下实力。
2013-04-16 12:31:59 root     INFO     gap_time: 600s

2013-04-16 12:42:01 root     INFO     old_chapter: 收拾的就是公主
2013-04-16 12:42:01 root     INFO     parser_content: 第二卷 天才崛起 第五十四章 收拾的就是公主
2013-04-16 12:42:01 root     INFO     parser_content: [黑土原话]先小爆发几天，积攒一下实力。
2013-04-16 12:42:01 root     INFO     gap_time: 600s

2013-04-16 12:52:03 root     INFO     old_chapter: 收拾的就是公主
2013-04-16 12:52:03 root     INFO     parser_content: 第二卷 天才崛起 第五十四章 收拾的就是公主
2013-04-16 12:52:03 root     INFO     parser_content: [黑土原话]先小爆发几天，积攒一下实力。
2013-04-16 12:52:03 root     INFO     gap_time: 600s

2013-04-16 13:02:04 root     INFO     old_chapter: 收拾的就是公主
2013-04-16 13:02:04 root     INFO     parser_content: 第二卷 天才崛起 第五十四章 收拾的就是公主
2013-04-16 13:02:04 root     INFO     parser_content: [黑土原话]先小爆发几天，积攒一下实力。
2013-04-16 13:02:04 root     INFO     gap_time: 600s

2013-04-16 13:12:05 root     INFO     old_chapter: 收拾的就是公主
2013-04-16 13:12:05 root     INFO     parser_content: 第二卷 天才崛起 第五十四章 收拾的就是公主
2013-04-16 13:12:05 root     INFO     parser_content: [黑土原话]先小爆发几天，积攒一下实力。
2013-04-16 13:12:05 root     INFO     gap_time: 600s

2013-04-16 13:22:06 root     INFO     old_chapter: 收拾的就是公主
2013-04-16 13:22:06 root     INFO     parser_content: 第二卷 天才崛起 第五十四章 收拾的就是公主
2013-04-16 13:22:06 root     INFO     parser_content: [黑土原话]先小爆发几天，积攒一下实力。
2013-04-16 13:22:06 root     INFO     gap_time: 600s

2013-04-16 13:32:07 root     INFO     old_chapter: 收拾的就是公主
2013-04-16 13:32:07 root     INFO     parser_content: 第二卷 天才崛起 第五十四章 收拾的就是公主
2013-04-16 13:32:07 root     INFO     parser_content: [黑土原话]先小爆发几天，积攒一下实力。
2013-04-16 13:32:07 root     INFO     gap_time: 600s

2013-04-16 13:42:08 root     WARNING  Some characters could not be decoded, and were replaced with REPLACEMENT CHARACTER.
2013-04-16 13:42:08 root     INFO     old_chapter: 收拾的就是公主
2013-04-16 13:42:08 root     INFO     parser_content: 第二卷 天才崛起 第五十四章 收拾的就是公主
2013-04-16 13:42:08 root     INFO     parser_content: [黑土原话]先小爆发几天，积攒一下实力。
2013-04-16 13:42:08 root     INFO     gap_time: 600s

2013-04-16 13:52:10 root     INFO     old_chapter: 收拾的就是公主
2013-04-16 13:52:10 root     INFO     parser_content: 第二卷 天才崛起 第五十四章 收拾的就是公主
2013-04-16 13:52:10 root     INFO     parser_content: [黑土原话]先小爆发几天，积攒一下实力。
2013-04-16 13:52:10 root     INFO     gap_time: 600s

2013-04-16 14:02:11 root     INFO     old_chapter: 收拾的就是公主
2013-04-16 14:02:11 root     INFO     parser_content: 第二卷 天才崛起 第五十四章 收拾的就是公主
2013-04-16 14:02:11 root     INFO     parser_content: [黑土原话]先小爆发几天，积攒一下实力。
2013-04-16 14:02:11 root     INFO     gap_time: 600s

2013-04-16 14:12:14 root     INFO     old_chapter: 收拾的就是公主
2013-04-16 14:12:14 root     INFO     parser_content: 第二卷 天才崛起 第五十四章 收拾的就是公主
2013-04-16 14:12:14 root     INFO     parser_content: [黑土原话]先小爆发几天，积攒一下实力。
2013-04-16 14:12:14 root     INFO     gap_time: 600s

2013-04-16 14:22:15 root     INFO     old_chapter: 收拾的就是公主
2013-04-16 14:22:15 root     INFO     parser_content: 第二卷 天才崛起 第五十四章 收拾的就是公主
2013-04-16 14:22:15 root     INFO     parser_content: [黑土原话]先小爆发几天，积攒一下实力。
2013-04-16 14:22:15 root     INFO     gap_time: 600s

2013-04-16 14:32:16 root     INFO     old_chapter: 收拾的就是公主
2013-04-16 14:32:16 root     INFO     parser_content: 第二卷 天才崛起 第五十四章 收拾的就是公主
2013-04-16 14:32:16 root     INFO     parser_content: [黑土原话]先小爆发几天，积攒一下实力。
2013-04-16 14:32:16 root     INFO     gap_time: 600s

2013-04-16 14:42:17 root     INFO     old_chapter: 收拾的就是公主
2013-04-16 14:42:17 root     INFO     parser_content: 第二卷 天才崛起 第五十四章 收拾的就是公主
2013-04-16 14:42:17 root     INFO     parser_content: [黑土原话]先小爆发几天，积攒一下实力。
2013-04-16 14:42:17 root     INFO     gap_time: 600s

2013-04-16 14:52:18 root     INFO     old_chapter: 收拾的就是公主
2013-04-16 14:52:18 root     INFO     parser_content: 第二卷 天才崛起 第五十四章 收拾的就是公主
2013-04-16 14:52:18 root     INFO     parser_content: [黑土原话]先小爆发几天，积攒一下实力。
2013-04-16 14:52:18 root     INFO     gap_time: 600s

2013-04-16 15:02:20 root     INFO     old_chapter: 收拾的就是公主
2013-04-16 15:02:20 root     INFO     parser_content: 第二卷 天才崛起 第五十四章 收拾的就是公主
2013-04-16 15:02:20 root     INFO     parser_content: [黑土原话]先小爆发几天，积攒一下实力。
2013-04-16 15:02:20 root     INFO     gap_time: 600s

2013-04-16 15:12:21 root     INFO     old_chapter: 收拾的就是公主
2013-04-16 15:12:21 root     INFO     parser_content: 第二卷 天才崛起 第五十四章 收拾的就是公主
2013-04-16 15:12:21 root     INFO     parser_content: [黑土原话]先小爆发几天，积攒一下实力。
2013-04-16 15:12:21 root     INFO     gap_time: 600s

2013-04-16 15:22:22 root     INFO     old_chapter: 收拾的就是公主
2013-04-16 15:22:22 root     INFO     parser_content: 第二卷 天才崛起 第五十四章 收拾的就是公主
2013-04-16 15:22:22 root     INFO     parser_content: [黑土原话]先小爆发几天，积攒一下实力。
2013-04-16 15:22:22 root     INFO     gap_time: 600s

2013-04-16 15:32:24 root     INFO     old_chapter: 收拾的就是公主
2013-04-16 15:32:24 root     INFO     parser_content: 第二卷 天才崛起 第五十四章 收拾的就是公主
2013-04-16 15:32:24 root     INFO     parser_content: [黑土原话]先小爆发几天，积攒一下实力。
2013-04-16 15:32:24 root     INFO     gap_time: 600s

2013-04-16 15:42:26 root     INFO     old_chapter: 收拾的就是公主
2013-04-16 15:42:26 root     INFO     parser_content: 第二卷 天才崛起 第五十四章 收拾的就是公主
2013-04-16 15:42:26 root     INFO     parser_content: [黑土原话]先小爆发几天，积攒一下实力。
2013-04-16 15:42:26 root     INFO     gap_time: 600s

2013-04-16 15:52:27 root     INFO     old_chapter: 收拾的就是公主
2013-04-16 15:52:27 root     INFO     parser_content: 第二卷 天才崛起 第五十四章 收拾的就是公主
2013-04-16 15:52:27 root     INFO     parser_content: [黑土原话]先小爆发几天，积攒一下实力。
2013-04-16 15:52:27 root     INFO     gap_time: 600s

2013-04-16 16:02:28 root     INFO     old_chapter: 收拾的就是公主
2013-04-16 16:02:28 root     INFO     parser_content: 第二卷 天才崛起 第五十四章 收拾的就是公主
2013-04-16 16:02:28 root     INFO     parser_content: [黑土原话]先小爆发几天，积攒一下实力。
2013-04-16 16:02:28 root     INFO     gap_time: 600s

2013-04-16 16:12:29 root     INFO     old_chapter: 收拾的就是公主
2013-04-16 16:12:29 root     INFO     parser_content: 第二卷 天才崛起 第五十四章 收拾的就是公主
2013-04-16 16:12:29 root     INFO     parser_content: [黑土原话]先小爆发几天，积攒一下实力。
2013-04-16 16:12:29 root     INFO     gap_time: 600s

2013-04-16 16:22:30 root     INFO     old_chapter: 收拾的就是公主
2013-04-16 16:22:30 root     INFO     parser_content: 第二卷 天才崛起 第五十四章 收拾的就是公主
2013-04-16 16:22:30 root     INFO     parser_content: [黑土原话]先小爆发几天，积攒一下实力。
2013-04-16 16:22:30 root     INFO     gap_time: 600s

2013-04-16 16:32:32 root     INFO     old_chapter: 收拾的就是公主
2013-04-16 16:32:32 root     INFO     parser_content: 第二卷 天才崛起 第五十四章 收拾的就是公主
2013-04-16 16:32:32 root     INFO     parser_content: [黑土原话]先小爆发几天，积攒一下实力。
2013-04-16 16:32:32 root     INFO     gap_time: 600s

2013-04-16 16:42:33 root     INFO     old_chapter: 收拾的就是公主
2013-04-16 16:42:33 root     INFO     parser_content: 第二卷 天才崛起 第五十四章 收拾的就是公主
2013-04-16 16:42:33 root     INFO     parser_content: [黑土原话]先小爆发几天，积攒一下实力。
2013-04-16 16:42:33 root     INFO     gap_time: 600s

2013-04-16 16:52:33 root     INFO     old_chapter: 收拾的就是公主
2013-04-16 16:52:33 root     INFO     parser_content: 【关于签到的那些事】吧主有话说。
2013-04-16 16:52:33 root     INFO     parser_content: 第二卷 天才崛起 第五十四章 收拾的就是公主
2013-04-16 16:52:33 root     INFO     gap_time: 600s

2013-04-16 17:02:34 root     INFO     old_chapter: 收拾的就是公主
2013-04-16 17:02:34 root     INFO     parser_content: 【关于签到的那些事】吧主有话说。
2013-04-16 17:02:34 root     INFO     parser_content: 第二卷 天才崛起 第五十四章 收拾的就是公主
2013-04-16 17:02:34 root     INFO     gap_time: 600s

2013-04-16 17:12:35 root     INFO     old_chapter: 收拾的就是公主
2013-04-16 17:12:35 root     INFO     parser_content: 【关于签到的那些事】吧主有话说。
2013-04-16 17:12:35 root     INFO     parser_content: 第二卷 天才崛起 第五十四章 收拾的就是公主
2013-04-16 17:12:35 root     INFO     gap_time: 600s

2013-04-16 17:22:37 root     WARNING  Some characters could not be decoded, and were replaced with REPLACEMENT CHARACTER.
2013-04-16 17:22:37 root     INFO     old_chapter: 收拾的就是公主
2013-04-16 17:22:37 root     INFO     parser_content: 【关于签到的那些事】吧主有话说。
2013-04-16 17:22:37 root     INFO     parser_content: 第二卷 天才崛起 第五十四章 收拾的就是公主
2013-04-16 17:22:37 root     INFO     gap_time: 600s

2013-04-16 17:32:38 root     INFO     old_chapter: 收拾的就是公主
2013-04-16 17:32:38 root     INFO     parser_content: 【关于签到的那些事】吧主有话说。
2013-04-16 17:32:38 root     INFO     parser_content: 第二卷 天才崛起 第五十四章 收拾的就是公主
2013-04-16 17:32:38 root     INFO     gap_time: 600s

2013-04-16 17:42:40 root     INFO     old_chapter: 收拾的就是公主
2013-04-16 17:42:40 root     INFO     parser_content: 【关于签到的那些事】吧主有话说。
2013-04-16 17:42:40 root     INFO     parser_content: 第二卷 天才崛起 第五十四章 收拾的就是公主
2013-04-16 17:42:40 root     INFO     gap_time: 600s

2013-04-16 17:52:41 root     INFO     old_chapter: 收拾的就是公主
2013-04-16 17:52:41 root     INFO     parser_content: 【关于签到的那些事】吧主有话说。
2013-04-16 17:52:41 root     INFO     parser_content: 第二卷 天才崛起 第五十四章 收拾的就是公主
2013-04-16 17:52:41 root     INFO     gap_time: 600s

2013-04-16 18:02:43 root     INFO     old_chapter: 收拾的就是公主
2013-04-16 18:02:43 root     INFO     parser_content: 【关于签到的那些事】吧主有话说。
2013-04-16 18:02:43 root     INFO     parser_content: 第二卷 天才崛起 第五十四章 收拾的就是公主
2013-04-16 18:02:43 root     INFO     gap_time: 600s

2013-04-16 18:12:44 root     INFO     old_chapter: 收拾的就是公主
2013-04-16 18:12:44 root     INFO     parser_content: 第二卷 天才崛起 第五十五章 限制级影像
2013-04-16 18:12:46 root     INFO     update!new_chapter: 限制级影像
2013-04-16 18:12:46 root     INFO     parser_content: 【关于签到的那些事】吧主有话说。
2013-04-16 18:12:46 root     INFO     gap_time: 600s

2013-04-16 18:22:49 root     INFO     old_chapter: 限制级影像
2013-04-16 18:22:49 root     INFO     parser_content: 第二卷 天才崛起 第五十五章 限制级影像
2013-04-16 18:22:49 root     INFO     parser_content: 【关于签到的那些事】吧主有话说。
2013-04-16 18:22:49 root     INFO     gap_time: 600s

2013-04-16 18:32:50 root     INFO     old_chapter: 限制级影像
2013-04-16 18:32:50 root     INFO     parser_content: 第二卷 天才崛起 第五十五章 限制级影像
2013-04-16 18:32:50 root     INFO     parser_content: 【关于签到的那些事】吧主有话说。
2013-04-16 18:32:50 root     INFO     gap_time: 600s

2013-04-16 18:42:51 root     INFO     old_chapter: 限制级影像
2013-04-16 18:42:51 root     INFO     gap_time: 600s

2013-04-16 18:52:52 root     INFO     old_chapter: 限制级影像
2013-04-16 18:52:52 root     INFO     parser_content: 第二卷 天才崛起 第五十五章 限制级影像
2013-04-16 18:52:52 root     INFO     parser_content: 【关于签到的那些事】吧主有话说。
2013-04-16 18:52:52 root     INFO     gap_time: 600s

2013-04-16 19:02:54 root     INFO     old_chapter: 限制级影像
2013-04-16 19:02:54 root     INFO     gap_time: 600s

2013-04-16 19:12:55 root     INFO     old_chapter: 限制级影像
2013-04-16 19:12:55 root     INFO     parser_content: 第二卷 天才崛起 第五十五章 限制级影像
2013-04-16 19:12:55 root     INFO     parser_content: 【关于签到的那些事】吧主有话说。
2013-04-16 19:12:55 root     INFO     gap_time: 600s

